2012-04-05 14:25:19 Error: [MissingActionException] Action PostsController::view() could not be found.
#0 /var/www/MDCIS/lib/Cake/Routing/Dispatcher.php(103): Controller->invokeAction(Object(CakeRequest))
#1 /var/www/MDCIS/lib/Cake/Routing/Dispatcher.php(85): Dispatcher->_invoke(Object(PostsController), Object(CakeRequest), Object(CakeResponse))
#2 /var/www/MDCIS/app/webroot/index.php(96): Dispatcher->dispatch(Object(CakeRequest), Object(CakeResponse))
#3 {main}
2012-04-05 15:24:19 Error: [MissingViewException] View file "/var/www/MDCIS/app/View/Posts/add.ctp" is missing.
#0 /var/www/MDCIS/lib/Cake/View/View.php(460): View->_getViewFileName(NULL)
#1 /var/www/MDCIS/lib/Cake/Controller/Controller.php(959): View->render(NULL, NULL)
#2 /var/www/MDCIS/lib/Cake/Routing/Dispatcher.php(110): Controller->render()
#3 /var/www/MDCIS/lib/Cake/Routing/Dispatcher.php(85): Dispatcher->_invoke(Object(PostsController), Object(CakeRequest), Object(CakeResponse))
#4 /var/www/MDCIS/app/webroot/index.php(96): Dispatcher->dispatch(Object(CakeRequest), Object(CakeResponse))
#5 {main}
2012-04-05 18:40:16 Error: [MissingViewException] View file "/var/www/MDCIS/app/View/Posts/view_all_json.ctp" is missing.
#0 /var/www/MDCIS/lib/Cake/View/View.php(460): View->_getViewFileName(NULL)
#1 /var/www/MDCIS/lib/Cake/Controller/Controller.php(959): View->render(NULL, NULL)
#2 /var/www/MDCIS/lib/Cake/Routing/Dispatcher.php(110): Controller->render()
#3 /var/www/MDCIS/lib/Cake/Routing/Dispatcher.php(85): Dispatcher->_invoke(Object(PostsController), Object(CakeRequest), Object(CakeResponse))
#4 /var/www/MDCIS/app/webroot/index.php(96): Dispatcher->dispatch(Object(CakeRequest), Object(CakeResponse))
#5 {main}
2012-04-05 21:54:54 Error: [MissingViewException] View file "/var/www/MDCIS/app/View/Posts/heheh.ctp" is missing.
#0 /var/www/MDCIS/lib/Cake/View/View.php(460): View->_getViewFileName(NULL)
#1 /var/www/MDCIS/lib/Cake/Controller/Controller.php(959): View->render(NULL, NULL)
#2 /var/www/MDCIS/lib/Cake/Routing/Dispatcher.php(110): Controller->render()
#3 /var/www/MDCIS/lib/Cake/Routing/Dispatcher.php(85): Dispatcher->_invoke(Object(PostsController), Object(CakeRequest), Object(CakeResponse))
#4 /var/www/MDCIS/app/webroot/index.php(96): Dispatcher->dispatch(Object(CakeRequest), Object(CakeResponse))
#5 {main}
2012-04-05 21:58:24 Error: [MissingViewException] View file "/var/www/MDCIS/app/View/Posts/heheh.ctp" is missing.
#0 /var/www/MDCIS/lib/Cake/View/View.php(460): View->_getViewFileName(NULL)
#1 /var/www/MDCIS/lib/Cake/Controller/Controller.php(959): View->render(NULL, NULL)
#2 /var/www/MDCIS/lib/Cake/Routing/Dispatcher.php(110): Controller->render()
#3 /var/www/MDCIS/lib/Cake/Routing/Dispatcher.php(85): Dispatcher->_invoke(Object(PostsController), Object(CakeRequest), Object(CakeResponse))
#4 /var/www/MDCIS/app/webroot/index.php(96): Dispatcher->dispatch(Object(CakeRequest), Object(CakeResponse))
#5 {main}
2012-04-05 21:58:26 Error: [MissingViewException] View file "/var/www/MDCIS/app/View/Posts/heheh.ctp" is missing.
#0 /var/www/MDCIS/lib/Cake/View/View.php(460): View->_getViewFileName(NULL)
#1 /var/www/MDCIS/lib/Cake/Controller/Controller.php(959): View->render(NULL, NULL)
#2 /var/www/MDCIS/lib/Cake/Routing/Dispatcher.php(110): Controller->render()
#3 /var/www/MDCIS/lib/Cake/Routing/Dispatcher.php(85): Dispatcher->_invoke(Object(PostsController), Object(CakeRequest), Object(CakeResponse))
#4 /var/www/MDCIS/app/webroot/index.php(96): Dispatcher->dispatch(Object(CakeRequest), Object(CakeResponse))
#5 {main}
2012-04-05 21:59:27 Error: [MissingViewException] View file "/var/www/MDCIS/app/View/Posts/heheh.ctp" is missing.
#0 /var/www/MDCIS/lib/Cake/View/View.php(460): View->_getViewFileName(NULL)
#1 /var/www/MDCIS/lib/Cake/Controller/Controller.php(959): View->render(NULL, NULL)
#2 /var/www/MDCIS/lib/Cake/Routing/Dispatcher.php(110): Controller->render()
#3 /var/www/MDCIS/lib/Cake/Routing/Dispatcher.php(85): Dispatcher->_invoke(Object(PostsController), Object(CakeRequest), Object(CakeResponse))
#4 /var/www/MDCIS/app/webroot/index.php(96): Dispatcher->dispatch(Object(CakeRequest), Object(CakeResponse))
#5 {main}
2012-04-05 22:00:02 Error: [MissingViewException] View file "/var/www/MDCIS/app/View/Posts/heheh.ctp" is missing.
#0 /var/www/MDCIS/lib/Cake/View/View.php(460): View->_getViewFileName(NULL)
#1 /var/www/MDCIS/lib/Cake/Controller/Controller.php(959): View->render(NULL, NULL)
#2 /var/www/MDCIS/lib/Cake/Routing/Dispatcher.php(110): Controller->render()
#3 /var/www/MDCIS/lib/Cake/Routing/Dispatcher.php(85): Dispatcher->_invoke(Object(PostsController), Object(CakeRequest), Object(CakeResponse))
#4 /var/www/MDCIS/app/webroot/index.php(96): Dispatcher->dispatch(Object(CakeRequest), Object(CakeResponse))
#5 {main}
2012-04-05 22:00:04 Error: [MissingViewException] View file "/var/www/MDCIS/app/View/Posts/heheh.ctp" is missing.
#0 /var/www/MDCIS/lib/Cake/View/View.php(460): View->_getViewFileName(NULL)
#1 /var/www/MDCIS/lib/Cake/Controller/Controller.php(959): View->render(NULL, NULL)
#2 /var/www/MDCIS/lib/Cake/Routing/Dispatcher.php(110): Controller->render()
#3 /var/www/MDCIS/lib/Cake/Routing/Dispatcher.php(85): Dispatcher->_invoke(Object(PostsController), Object(CakeRequest), Object(CakeResponse))
#4 /var/www/MDCIS/app/webroot/index.php(96): Dispatcher->dispatch(Object(CakeRequest), Object(CakeResponse))
#5 {main}
2012-04-05 23:00:14 Error: [MissingViewException] View file "/var/www/MDCIS/app/View/Posts/json/index.ctp" is missing.
#0 /var/www/MDCIS/lib/Cake/View/JsonView.php(98): View->_getViewFileName(NULL)
#1 /var/www/MDCIS/lib/Cake/Controller/Controller.php(959): JsonView->render(NULL, NULL)
#2 /var/www/MDCIS/lib/Cake/Routing/Dispatcher.php(110): Controller->render()
#3 /var/www/MDCIS/lib/Cake/Routing/Dispatcher.php(85): Dispatcher->_invoke(Object(PostsController), Object(CakeRequest), Object(CakeResponse))
#4 /var/www/MDCIS/app/webroot/index.php(96): Dispatcher->dispatch(Object(CakeRequest), Object(CakeResponse))
#5 {main}
2012-04-05 23:03:53 Error: [MissingControllerException] Controller class HehehController could not be found.
#0 /var/www/MDCIS/app/webroot/index.php(96): Dispatcher->dispatch(Object(CakeRequest), Object(CakeResponse))
#1 {main}
2012-04-05 23:04:06 Error: [MissingViewException] View file "/var/www/MDCIS/app/View/Posts/json/heheh.ctp" is missing.
#0 /var/www/MDCIS/lib/Cake/View/JsonView.php(98): View->_getViewFileName(NULL)
#1 /var/www/MDCIS/lib/Cake/Controller/Controller.php(959): JsonView->render(NULL, NULL)
#2 /var/www/MDCIS/lib/Cake/Routing/Dispatcher.php(110): Controller->render()
#3 /var/www/MDCIS/lib/Cake/Routing/Dispatcher.php(85): Dispatcher->_invoke(Object(PostsController), Object(CakeRequest), Object(CakeResponse))
#4 /var/www/MDCIS/app/webroot/index.php(96): Dispatcher->dispatch(Object(CakeRequest), Object(CakeResponse))
#5 {main}
2012-04-05 23:04:29 Error: [MissingViewException] View file "/var/www/MDCIS/app/View/Posts/json/heheh.ctp" is missing.
#0 /var/www/MDCIS/lib/Cake/View/JsonView.php(98): View->_getViewFileName(NULL)
#1 /var/www/MDCIS/lib/Cake/Controller/Controller.php(959): JsonView->render(NULL, NULL)
#2 /var/www/MDCIS/lib/Cake/Routing/Dispatcher.php(110): Controller->render()
#3 /var/www/MDCIS/lib/Cake/Routing/Dispatcher.php(85): Dispatcher->_invoke(Object(PostsController), Object(CakeRequest), Object(CakeResponse))
#4 /var/www/MDCIS/app/webroot/index.php(96): Dispatcher->dispatch(Object(CakeRequest), Object(CakeResponse))
#5 {main}
2012-04-05 23:04:31 Error: [MissingViewException] View file "/var/www/MDCIS/app/View/Posts/json/heheh.ctp" is missing.
#0 /var/www/MDCIS/lib/Cake/View/JsonView.php(98): View->_getViewFileName(NULL)
#1 /var/www/MDCIS/lib/Cake/Controller/Controller.php(959): JsonView->render(NULL, NULL)
#2 /var/www/MDCIS/lib/Cake/Routing/Dispatcher.php(110): Controller->render()
#3 /var/www/MDCIS/lib/Cake/Routing/Dispatcher.php(85): Dispatcher->_invoke(Object(PostsController), Object(CakeRequest), Object(CakeResponse))
#4 /var/www/MDCIS/app/webroot/index.php(96): Dispatcher->dispatch(Object(CakeRequest), Object(CakeResponse))
#5 {main}
2012-04-05 23:05:06 Error: [MissingViewException] View file "/var/www/MDCIS/app/View/Posts/json/heheh.ctp" is missing.
#0 /var/www/MDCIS/lib/Cake/View/JsonView.php(98): View->_getViewFileName(NULL)
#1 /var/www/MDCIS/lib/Cake/Controller/Controller.php(959): JsonView->render(NULL, NULL)
#2 /var/www/MDCIS/lib/Cake/Routing/Dispatcher.php(110): Controller->render()
#3 /var/www/MDCIS/lib/Cake/Routing/Dispatcher.php(85): Dispatcher->_invoke(Object(PostsController), Object(CakeRequest), Object(CakeResponse))
#4 /var/www/MDCIS/app/webroot/index.php(96): Dispatcher->dispatch(Object(CakeRequest), Object(CakeResponse))
#5 {main}
2012-04-05 23:05:42 Error: [MissingViewException] View file "/var/www/MDCIS/app/View/Posts/json/heheh.ctp" is missing.
#0 /var/www/MDCIS/lib/Cake/View/JsonView.php(98): View->_getViewFileName(NULL)
#1 /var/www/MDCIS/lib/Cake/Controller/Controller.php(959): JsonView->render(NULL, NULL)
#2 /var/www/MDCIS/lib/Cake/Routing/Dispatcher.php(110): Controller->render()
#3 /var/www/MDCIS/lib/Cake/Routing/Dispatcher.php(85): Dispatcher->_invoke(Object(PostsController), Object(CakeRequest), Object(CakeResponse))
#4 /var/www/MDCIS/app/webroot/index.php(96): Dispatcher->dispatch(Object(CakeRequest), Object(CakeResponse))
#5 {main}
2012-04-05 23:08:42 Error: [MissingViewException] View file "/var/www/MDCIS/app/View/Posts/heheh.ctp" is missing.
#0 /var/www/MDCIS/lib/Cake/View/View.php(460): View->_getViewFileName(NULL)
#1 /var/www/MDCIS/lib/Cake/Controller/Controller.php(959): View->render(NULL, NULL)
#2 /var/www/MDCIS/lib/Cake/Routing/Dispatcher.php(110): Controller->render()
#3 /var/www/MDCIS/lib/Cake/Routing/Dispatcher.php(85): Dispatcher->_invoke(Object(PostsController), Object(CakeRequest), Object(CakeResponse))
#4 /var/www/MDCIS/app/webroot/index.php(96): Dispatcher->dispatch(Object(CakeRequest), Object(CakeResponse))
#5 {main}
2012-04-05 23:23:47 Error: [MissingViewException] View file "/var/www/MDCIS/app/View/Posts/heheh.ctp" is missing.
#0 /var/www/MDCIS/lib/Cake/View/View.php(460): View->_getViewFileName(NULL)
#1 /var/www/MDCIS/lib/Cake/Controller/Controller.php(959): View->render(NULL, NULL)
#2 /var/www/MDCIS/lib/Cake/Routing/Dispatcher.php(110): Controller->render()
#3 /var/www/MDCIS/lib/Cake/Routing/Dispatcher.php(85): Dispatcher->_invoke(Object(PostsController), Object(CakeRequest), Object(CakeResponse))
#4 /var/www/MDCIS/app/webroot/index.php(96): Dispatcher->dispatch(Object(CakeRequest), Object(CakeResponse))
#5 {main}
2012-04-05 23:26:46 Error: [MissingViewException] View file "/var/www/MDCIS/app/View/Posts/heheh.ctp" is missing.
#0 /var/www/MDCIS/lib/Cake/View/View.php(460): View->_getViewFileName(NULL)
#1 /var/www/MDCIS/lib/Cake/Controller/Controller.php(959): View->render(NULL, NULL)
#2 /var/www/MDCIS/lib/Cake/Routing/Dispatcher.php(110): Controller->render()
#3 /var/www/MDCIS/lib/Cake/Routing/Dispatcher.php(85): Dispatcher->_invoke(Object(PostsController), Object(CakeRequest), Object(CakeResponse))
#4 /var/www/MDCIS/app/webroot/index.php(96): Dispatcher->dispatch(Object(CakeRequest), Object(CakeResponse))
#5 {main}
2012-04-05 23:59:56 Error: [MissingActionException] Action PostsController::ext-3.4.0() could not be found.
#0 /var/www/MDCIS/lib/Cake/Routing/Dispatcher.php(103): Controller->invokeAction(Object(CakeRequest))
#1 /var/www/MDCIS/lib/Cake/Routing/Dispatcher.php(85): Dispatcher->_invoke(Object(PostsController), Object(CakeRequest), Object(CakeResponse))
#2 /var/www/MDCIS/app/webroot/index.php(96): Dispatcher->dispatch(Object(CakeRequest), Object(CakeResponse))
#3 {main}
2012-04-05 23:59:56 Error: [MissingActionException] Action PostsController::ext-3.4.0() could not be found.
#0 /var/www/MDCIS/lib/Cake/Routing/Dispatcher.php(103): Controller->invokeAction(Object(CakeRequest))
#1 /var/www/MDCIS/lib/Cake/Routing/Dispatcher.php(85): Dispatcher->_invoke(Object(PostsController), Object(CakeRequest), Object(CakeResponse))
#2 /var/www/MDCIS/app/webroot/index.php(96): Dispatcher->dispatch(Object(CakeRequest), Object(CakeResponse))
#3 {main}
2012-04-06 00:00:05 Error: [MissingActionException] Action PostsController::ext-3.4.0() could not be found.
#0 /var/www/MDCIS/lib/Cake/Routing/Dispatcher.php(103): Controller->invokeAction(Object(CakeRequest))
#1 /var/www/MDCIS/lib/Cake/Routing/Dispatcher.php(85): Dispatcher->_invoke(Object(PostsController), Object(CakeRequest), Object(CakeResponse))
#2 /var/www/MDCIS/app/webroot/index.php(96): Dispatcher->dispatch(Object(CakeRequest), Object(CakeResponse))
#3 {main}
2012-04-06 00:00:05 Error: [MissingActionException] Action PostsController::ext-3.4.0() could not be found.
#0 /var/www/MDCIS/lib/Cake/Routing/Dispatcher.php(103): Controller->invokeAction(Object(CakeRequest))
#1 /var/www/MDCIS/lib/Cake/Routing/Dispatcher.php(85): Dispatcher->_invoke(Object(PostsController), Object(CakeRequest), Object(CakeResponse))
#2 /var/www/MDCIS/app/webroot/index.php(96): Dispatcher->dispatch(Object(CakeRequest), Object(CakeResponse))
#3 {main}
2012-04-06 00:00:05 Error: [MissingActionException] Action PostsController::ext-3.4.0() could not be found.
#0 /var/www/MDCIS/lib/Cake/Routing/Dispatcher.php(103): Controller->invokeAction(Object(CakeRequest))
#1 /var/www/MDCIS/lib/Cake/Routing/Dispatcher.php(85): Dispatcher->_invoke(Object(PostsController), Object(CakeRequest), Object(CakeResponse))
#2 /var/www/MDCIS/app/webroot/index.php(96): Dispatcher->dispatch(Object(CakeRequest), Object(CakeResponse))
#3 {main}
2012-04-06 00:42:54 Error: [MissingActionException] Action PostsController::sayHi.html() could not be found.
#0 /var/www/MDCIS/lib/Cake/Routing/Dispatcher.php(103): Controller->invokeAction(Object(CakeRequest))
#1 /var/www/MDCIS/lib/Cake/Routing/Dispatcher.php(85): Dispatcher->_invoke(Object(PostsController), Object(CakeRequest), Object(CakeResponse))
#2 /var/www/MDCIS/app/webroot/index.php(96): Dispatcher->dispatch(Object(CakeRequest), Object(CakeResponse))
#3 {main}
2012-04-06 10:24:43 Error: [MissingActionException] Action PostsController::formHandler.php() could not be found.
#0 /var/www/MDCIS/lib/Cake/Routing/Dispatcher.php(103): Controller->invokeAction(Object(CakeRequest))
#1 /var/www/MDCIS/lib/Cake/Routing/Dispatcher.php(85): Dispatcher->_invoke(Object(PostsController), Object(CakeRequest), Object(CakeResponse))
#2 /var/www/MDCIS/app/webroot/index.php(96): Dispatcher->dispatch(Object(CakeRequest), Object(CakeResponse))
#3 {main}
2012-04-06 10:34:00 Error: [MissingActionException] Action PostsController::formHandler.php() could not be found.
#0 /var/www/MDCIS/lib/Cake/Routing/Dispatcher.php(103): Controller->invokeAction(Object(CakeRequest))
#1 /var/www/MDCIS/lib/Cake/Routing/Dispatcher.php(85): Dispatcher->_invoke(Object(PostsController), Object(CakeRequest), Object(CakeResponse))
#2 /var/www/MDCIS/app/webroot/index.php(96): Dispatcher->dispatch(Object(CakeRequest), Object(CakeResponse))
#3 {main}
2012-04-06 10:34:13 Error: [MissingActionException] Action PostsController::formHandler.php() could not be found.
#0 /var/www/MDCIS/lib/Cake/Routing/Dispatcher.php(103): Controller->invokeAction(Object(CakeRequest))
#1 /var/www/MDCIS/lib/Cake/Routing/Dispatcher.php(85): Dispatcher->_invoke(Object(PostsController), Object(CakeRequest), Object(CakeResponse))
#2 /var/www/MDCIS/app/webroot/index.php(96): Dispatcher->dispatch(Object(CakeRequest), Object(CakeResponse))
#3 {main}
2012-04-06 10:37:50 Error: [MissingActionException] Action PostsController::formHandler.php() could not be found.
#0 /var/www/MDCIS/lib/Cake/Routing/Dispatcher.php(103): Controller->invokeAction(Object(CakeRequest))
#1 /var/www/MDCIS/lib/Cake/Routing/Dispatcher.php(85): Dispatcher->_invoke(Object(PostsController), Object(CakeRequest), Object(CakeResponse))
#2 /var/www/MDCIS/app/webroot/index.php(96): Dispatcher->dispatch(Object(CakeRequest), Object(CakeResponse))
#3 {main}
2012-04-06 10:46:28 Error: [MissingActionException] Action PostsController::add"() could not be found.
#0 /var/www/MDCIS/lib/Cake/Routing/Dispatcher.php(103): Controller->invokeAction(Object(CakeRequest))
#1 /var/www/MDCIS/lib/Cake/Routing/Dispatcher.php(85): Dispatcher->_invoke(Object(PostsController), Object(CakeRequest), Object(CakeResponse))
#2 /var/www/MDCIS/app/webroot/index.php(96): Dispatcher->dispatch(Object(CakeRequest), Object(CakeResponse))
#3 {main}
2012-04-06 13:06:17 Error: [MissingActionException] Action PostsController::hehe() could not be found.
#0 /var/www/MDCIS/lib/Cake/Routing/Dispatcher.php(103): Controller->invokeAction(Object(CakeRequest))
#1 /var/www/MDCIS/lib/Cake/Routing/Dispatcher.php(85): Dispatcher->_invoke(Object(PostsController), Object(CakeRequest), Object(CakeResponse))
#2 /var/www/MDCIS/app/webroot/index.php(96): Dispatcher->dispatch(Object(CakeRequest), Object(CakeResponse))
#3 {main}
2012-04-06 13:06:24 Error: [MissingActionException] Action PostsController::hehe() could not be found.
#0 /var/www/MDCIS/lib/Cake/Routing/Dispatcher.php(103): Controller->invokeAction(Object(CakeRequest))
#1 /var/www/MDCIS/lib/Cake/Routing/Dispatcher.php(85): Dispatcher->_invoke(Object(PostsController), Object(CakeRequest), Object(CakeResponse))
#2 /var/www/MDCIS/app/webroot/index.php(96): Dispatcher->dispatch(Object(CakeRequest), Object(CakeResponse))
#3 {main}
2012-04-06 13:40:20 Error: [MissingViewException] View file "/var/www/MDCIS/app/View/Posts/extjs_posts.ctp" is missing.
#0 /var/www/MDCIS/lib/Cake/View/View.php(460): View->_getViewFileName(NULL)
#1 /var/www/MDCIS/lib/Cake/Controller/Controller.php(959): View->render(NULL, NULL)
#2 /var/www/MDCIS/lib/Cake/Routing/Dispatcher.php(110): Controller->render()
#3 /var/www/MDCIS/lib/Cake/Routing/Dispatcher.php(85): Dispatcher->_invoke(Object(PostsController), Object(CakeRequest), Object(CakeResponse))
#4 /var/www/MDCIS/app/webroot/index.php(96): Dispatcher->dispatch(Object(CakeRequest), Object(CakeResponse))
#5 {main}
2012-04-06 14:04:15 Error: [MissingActionException] Action AppController::webroot() could not be found.
#0 /var/www/MDCIS/lib/Cake/Routing/Dispatcher.php(103): Controller->invokeAction(Object(CakeRequest))
#1 /var/www/MDCIS/lib/Cake/Routing/Dispatcher.php(85): Dispatcher->_invoke(Object(AppController), Object(CakeRequest), Object(CakeResponse))
#2 /var/www/MDCIS/app/webroot/index.php(96): Dispatcher->dispatch(Object(CakeRequest), Object(CakeResponse))
#3 {main}
2012-04-06 14:04:16 Error: [MissingActionException] Action AppController::webroot() could not be found.
#0 /var/www/MDCIS/lib/Cake/Routing/Dispatcher.php(103): Controller->invokeAction(Object(CakeRequest))
#1 /var/www/MDCIS/lib/Cake/Routing/Dispatcher.php(85): Dispatcher->_invoke(Object(AppController), Object(CakeRequest), Object(CakeResponse))
#2 /var/www/MDCIS/app/webroot/index.php(96): Dispatcher->dispatch(Object(CakeRequest), Object(CakeResponse))
#3 {main}
2012-04-06 14:04:17 Error: [MissingActionException] Action AppController::webroot() could not be found.
#0 /var/www/MDCIS/lib/Cake/Routing/Dispatcher.php(103): Controller->invokeAction(Object(CakeRequest))
#1 /var/www/MDCIS/lib/Cake/Routing/Dispatcher.php(85): Dispatcher->_invoke(Object(AppController), Object(CakeRequest), Object(CakeResponse))
#2 /var/www/MDCIS/app/webroot/index.php(96): Dispatcher->dispatch(Object(CakeRequest), Object(CakeResponse))
#3 {main}
2012-04-06 15:02:40 Error: [MissingActionException] Action PostsController::heheh() could not be found.
#0 /var/www/MDCIS/lib/Cake/Routing/Dispatcher.php(103): Controller->invokeAction(Object(CakeRequest))
#1 /var/www/MDCIS/lib/Cake/Routing/Dispatcher.php(85): Dispatcher->_invoke(Object(PostsController), Object(CakeRequest), Object(CakeResponse))
#2 /var/www/MDCIS/app/webroot/index.php(96): Dispatcher->dispatch(Object(CakeRequest), Object(CakeResponse))
#3 {main}
2012-04-06 17:43:22 Error: [PDOException] SQLSTATE[42000]: Syntax error or access violation: 1064 You have an error in your SQL syntax; check the manual that corresponds to your MySQL server version for the right syntax to use near 'findAll' at line 1
#0 /var/www/MDCIS/lib/Cake/Model/Datasource/DboSource.php(437): PDOStatement->execute(Array)
#1 /var/www/MDCIS/lib/Cake/Model/Datasource/DboSource.php(403): DboSource->_execute('findAll', Array)
#2 /var/www/MDCIS/lib/Cake/Model/Datasource/DboSource.php(647): DboSource->execute('findAll', Array, Array)
#3 /var/www/MDCIS/lib/Cake/Model/Datasource/DboSource.php(589): DboSource->fetchAll('findAll', Array, Array)
#4 /var/www/MDCIS/lib/Cake/Model/Model.php(775): DboSource->query('findAll', Array, Object(Post))
#5 /var/www/MDCIS/app/Controller/PostsController.php(30): Model->__call('findAll', Array)
#6 /var/www/MDCIS/app/Controller/PostsController.php(30): Post->findAll(Array)
#7 [internal function]: PostsController->jsonList()
#8 /var/www/MDCIS/lib/Cake/Controller/Controller.php(485): ReflectionMethod->invokeArgs(Object(PostsController), Array)
#9 /var/www/MDCIS/lib/Cake/Routing/Dispatcher.php(103): Controller->invokeAction(Object(CakeRequest))
#10 /var/www/MDCIS/lib/Cake/Routing/Dispatcher.php(85): Dispatcher->_invoke(Object(PostsController), Object(CakeRequest), Object(CakeResponse))
#11 /var/www/MDCIS/app/webroot/index.php(96): Dispatcher->dispatch(Object(CakeRequest), Object(CakeResponse))
#12 {main}
2012-04-06 17:45:13 Error: [PDOException] SQLSTATE[42000]: Syntax error or access violation: 1064 You have an error in your SQL syntax; check the manual that corresponds to your MySQL server version for the right syntax to use near 'findAll' at line 1
#0 /var/www/MDCIS/lib/Cake/Model/Datasource/DboSource.php(437): PDOStatement->execute(Array)
#1 /var/www/MDCIS/lib/Cake/Model/Datasource/DboSource.php(403): DboSource->_execute('findAll', Array)
#2 /var/www/MDCIS/lib/Cake/Model/Datasource/DboSource.php(647): DboSource->execute('findAll', Array, Array)
#3 /var/www/MDCIS/lib/Cake/Model/Datasource/DboSource.php(589): DboSource->fetchAll('findAll', Array, Array)
#4 /var/www/MDCIS/lib/Cake/Model/Model.php(775): DboSource->query('findAll', Array, Object(Post))
#5 /var/www/MDCIS/app/Controller/PostsController.php(30): Model->__call('findAll', Array)
#6 /var/www/MDCIS/app/Controller/PostsController.php(30): Post->findAll(Array)
#7 [internal function]: PostsController->jsonList()
#8 /var/www/MDCIS/lib/Cake/Controller/Controller.php(485): ReflectionMethod->invokeArgs(Object(PostsController), Array)
#9 /var/www/MDCIS/lib/Cake/Routing/Dispatcher.php(103): Controller->invokeAction(Object(CakeRequest))
#10 /var/www/MDCIS/lib/Cake/Routing/Dispatcher.php(85): Dispatcher->_invoke(Object(PostsController), Object(CakeRequest), Object(CakeResponse))
#11 /var/www/MDCIS/app/webroot/index.php(96): Dispatcher->dispatch(Object(CakeRequest), Object(CakeResponse))
#12 {main}
2012-04-07 15:32:43 Error: [MissingActionException] Action PostsController::extjsPosts() could not be found.
#0 /var/www/MDCIS/lib/Cake/Routing/Dispatcher.php(103): Controller->invokeAction(Object(CakeRequest))
#1 /var/www/MDCIS/lib/Cake/Routing/Dispatcher.php(85): Dispatcher->_invoke(Object(PostsController), Object(CakeRequest), Object(CakeResponse))
#2 /var/www/MDCIS/app/webroot/index.php(96): Dispatcher->dispatch(Object(CakeRequest), Object(CakeResponse))
#3 {main}
